<?xml version="1.0" encoding="UTF-8"?>
<testExecutions version="1">
  <file path="/Users/cleber/Documents/projects/ReactNativeStartBase/src/components/UI/Input/__tests__/Input.test.tsx">
  </file>
</testExecutions>